<?xml version="1.0" encoding="UTF-8"?>
<testsuite name="TestSuite" time="222.082" tests="59" errors="0" skipped="0" failures="6">
  <properties>
    <property name="java.runtime.name" value="Java(TM) SE Runtime Environment"/>
    <property name="sun.boot.library.path" value="C:\Program Files\Java\jdk1.8.0_181\jre\bin"/>
    <property name="java.vm.version" value="25.181-b13"/>
    <property name="java.vm.vendor" value="Oracle Corporation"/>
    <property name="maven.multiModuleProjectDirectory" value="C:\Users\Gopi\Desktop\Selenium\Gurukul Workspace\AutomationTestgurkula"/>
    <property name="java.vendor.url" value="http://java.oracle.com/"/>
    <property name="path.separator" value=";"/>
    <property name="guice.disable.misplaced.annotation.check" value="true"/>
    <property name="java.vm.name" value="Java HotSpot(TM) 64-Bit Server VM"/>
    <property name="file.encoding.pkg" value="sun.io"/>
    <property name="user.script" value=""/>
    <property name="user.country" value="IN"/>
    <property name="sun.java.launcher" value="SUN_STANDARD"/>
    <property name="sun.os.patch.level" value=""/>
    <property name="java.vm.specification.name" value="Java Virtual Machine Specification"/>
    <property name="user.dir" value="C:\Users\Gopi\Desktop\Selenium\Gurukul Workspace\AutomationTestgurkula"/>
    <property name="java.runtime.version" value="1.8.0_181-b13"/>
    <property name="java.awt.graphicsenv" value="sun.awt.Win32GraphicsEnvironment"/>
    <property name="java.endorsed.dirs" value="C:\Program Files\Java\jdk1.8.0_181\jre\lib\endorsed"/>
    <property name="os.arch" value="amd64"/>
    <property name="java.io.tmpdir" value="C:\Users\Gopi\AppData\Local\Temp\"/>
    <property name="line.separator" value="&#10;"/>
    <property name="java.vm.specification.vendor" value="Oracle Corporation"/>
    <property name="user.variant" value=""/>
    <property name="os.name" value="Windows 10"/>
    <property name="classworlds.conf" value="C:\Maven\apache-maven-3.6.0\bin\..\bin\m2.conf"/>
    <property name="sun.jnu.encoding" value="Cp1252"/>
    <property name="java.library.path" value="C:\Program Files\Java\jdk1.8.0_181\bin;C:\WINDOWS\Sun\Java\bin;C:\WINDOWS\system32;C:\WINDOWS;C:\Program Files (x86)\Common Files\Oracle\Java\javapath;C:\ProgramData\Oracle\Java\javapath;C:\Program Files (x86)\RSA SecurID Token Common;C:\Program Files (x86)\Intel\iCLS Client\;C:\Program Files\Intel\iCLS Client\;C:\WINDOWS\system32;C:\WINDOWS;C:\WINDOWS\System32\Wbem;C:\WINDOWS\System32\WindowsPowerShell\v1.0\;C:\Program Files (x86)\Intel\Intel(R) Management Engine Components\DAL;C:\Program Files\Intel\Intel(R) Management Engine Components\DAL;C:\Program Files (x86)\Intel\Intel(R) Management Engine Components\IPT;C:\Program Files\Intel\Intel(R) Management Engine Components\IPT;C:\Android;C:\Windows\System32;C:\WINDOWS\System32\OpenSSH\;C:\Program Files\Java\jdk1.8.0_181;C:\Program Files\Intel\WiFi\bin\;C:\Program Files\Common Files\Intel\WirelessCommon\;C:\Maven\apache-maven-3.6.0\bin;C:\Program Files\nodejs\;C:\Program Files\Git\cmd;C:\Program Files\Git\bin\git.exe;C:\Users\Gopi\AppData\Local\Programs\Python\Python37\;C:\Users\Gopi\AppData\Local\Programs\Python\Python37\DLLs;C:\SeleniumDrivers;C:\Users\Gopi\AppData\Local\Programs\Python\Python37\Lib;C:\Users\Gopi\AppData\Local\Programs\Python\Python37\Scripts;C:\Program Files\nodejs\node_modules\npm\bin;C:\ProgramData\Oracle\Java\javapath;C:\Program Files (x86)\RSA SecurID Token Common;C:\Program Files (x86)\Intel\iCLS Client\;C:\Program Files\Intel\iCLS Client\;C:\WINDOWS\system32;C:\WINDOWS;C:\WINDOWS\System32\Wbem;C:\WINDOWS\System32\WindowsPowerShell\v1.0\;C:\Program Files (x86)\Intel\Intel(R) Management Engine Components\DAL;C:\Program Files\Intel\Intel(R) Management Engine Components\DAL;C:\Program Files (x86)\Intel\Intel(R) Management Engine Components\IPT;C:\Program Files\Intel\Intel(R) Management Engine Components\IPT;C:\Program Files\Intel\WiFi\bin\;C:\Program Files\Common Files\Intel\WirelessCommon\;C:\Users\Gopi\AppData\Local\Microsoft\WindowsApps;C:\SeleniumDrivers;C:\Spark\bin;C:\Users\Gopi\AppData\Local\Microsoft\WindowsApps;C:\Users\Gopi\AppData\Roaming\npm;;."/>
    <property name="maven.conf" value="C:\Maven\apache-maven-3.6.0\bin\../conf"/>
    <property name="java.specification.name" value="Java Platform API Specification"/>
    <property name="java.class.version" value="52.0"/>
    <property name="sun.management.compiler" value="HotSpot 64-Bit Tiered Compilers"/>
    <property name="os.version" value="10.0"/>
    <property name="library.jansi.path" value="C:\Maven\apache-maven-3.6.0\bin\..\lib\jansi-native"/>
    <property name="user.home" value="C:\Users\Gopi"/>
    <property name="user.timezone" value="Europe/Berlin"/>
    <property name="java.awt.printerjob" value="sun.awt.windows.WPrinterJob"/>
    <property name="java.specification.version" value="1.8"/>
    <property name="file.encoding" value="Cp1252"/>
    <property name="user.name" value="Gopi"/>
    <property name="java.class.path" value="C:\Maven\apache-maven-3.6.0\bin\..\boot\plexus-classworlds-2.5.2.jar"/>
    <property name="java.vm.specification.version" value="1.8"/>
    <property name="sun.arch.data.model" value="64"/>
    <property name="java.home" value="C:\Program Files\Java\jdk1.8.0_181\jre"/>
    <property name="sun.java.command" value="org.codehaus.plexus.classworlds.launcher.Launcher test"/>
    <property name="java.specification.vendor" value="Oracle Corporation"/>
    <property name="user.language" value="en"/>
    <property name="awt.toolkit" value="sun.awt.windows.WToolkit"/>
    <property name="java.vm.info" value="mixed mode"/>
    <property name="java.version" value="1.8.0_181"/>
    <property name="java.ext.dirs" value="C:\Program Files\Java\jdk1.8.0_181\jre\lib\ext;C:\WINDOWS\Sun\Java\lib\ext"/>
    <property name="sun.boot.class.path" value="C:\Program Files\Java\jdk1.8.0_181\jre\lib\resources.jar;C:\Program Files\Java\jdk1.8.0_181\jre\lib\rt.jar;C:\Program Files\Java\jdk1.8.0_181\jre\lib\sunrsasign.jar;C:\Program Files\Java\jdk1.8.0_181\jre\lib\jsse.jar;C:\Program Files\Java\jdk1.8.0_181\jre\lib\jce.jar;C:\Program Files\Java\jdk1.8.0_181\jre\lib\charsets.jar;C:\Program Files\Java\jdk1.8.0_181\jre\lib\jfr.jar;C:\Program Files\Java\jdk1.8.0_181\jre\classes"/>
    <property name="sun.stderr.encoding" value="cp437"/>
    <property name="java.vendor" value="Oracle Corporation"/>
    <property name="maven.home" value="C:\Maven\apache-maven-3.6.0\bin\.."/>
    <property name="file.separator" value="\"/>
    <property name="java.vendor.url.bug" value="http://bugreport.sun.com/bugreport/"/>
    <property name="sun.cpu.endian" value="little"/>
    <property name="sun.io.unicode.encoding" value="UnicodeLittle"/>
    <property name="sun.stdout.encoding" value="cp437"/>
    <property name="sun.desktop" value="windows"/>
    <property name="sun.cpu.isalist" value="amd64"/>
  </properties>
  <testcase name="PTC_AM_01_Verify_User_Valid_login" classname="com.gurukula.AutomationTestgurkula.LTC_01_User_Authentication_Test" time="1.231"/>
  <testcase name="PTC_AM_02_Verify_User_InValid_login" classname="com.gurukula.AutomationTestgurkula.LTC_01_User_Authentication_Test" time="1.62">
    <failure message="invalid credentails not found expected [true] but found [false]" type="java.lang.AssertionError">java.lang.AssertionError: invalid credentails not found expected [true] but found [false]
	at org.testng.Assert.fail(Assert.java:94)
	at org.testng.Assert.failNotEquals(Assert.java:494)
	at org.testng.Assert.assertTrue(Assert.java:42)
	at com.gurukula.AutomationTestgurkula.LTC_01_User_Authentication_Test.PTC_AM_02_Verify_User_InValid_login(LTC_01_User_Authentication_Test.java:66)
</failure>
    <system-out>Closing the webdriver
chrome
Gurkul home page is launched
Executing PTC_02_Verify_User_InValid_login 
Invalid credentials text: 
</system-out>
    <system-err>Starting ChromeDriver 2.42.591088 (7b2b2dca23cca0862f674758c9a3933e685c27d5) on port 13725
Only local connections are allowed.
May 09, 2019 12:16:22 AM org.openqa.selenium.remote.ProtocolHandshake createSession
INFO: Detected dialect: OSS
</system-err>
  </testcase>
  <testcase name="PTC_AM_03_Verify_User_Valid_loginwithAutomaticLoginenabled" classname="com.gurukula.AutomationTestgurkula.LTC_01_User_Authentication_Test" time="2.39"/>
  <testcase name="PTC_AM_04_Verify_User_Valid_loginandLogout" classname="com.gurukula.AutomationTestgurkula.LTC_01_User_Authentication_Test" time="7.847"/>
  <testcase name="PTC_AM_05_Verify_User_Valid_loginandLogout" classname="com.gurukula.AutomationTestgurkula.LTC_01_User_Authentication_Test" time="2.515"/>
  <testcase name="PTC_AM_06_Verify_ResetPassword_button_isenabled_with_validemailid" classname="com.gurukula.AutomationTestgurkula.LTC_01_User_Authentication_Test" time="6.574"/>
  <testcase name="PTC_AM_07_Verify_ResetPassword_button_isenabled_with_invalidemailid" classname="com.gurukula.AutomationTestgurkula.LTC_01_User_Authentication_Test" time="6.281"/>
  <testcase name="PTC_RM_01_to_RM16_Verify_User_registarion_with_differentinputcombinations" classname="com.gurukula.AutomationTestgurkula.LTC_02_UserRegistration_Test" time="0.336"/>
  <testcase name="PTC_RM_01_to_RM16_Verify_User_registarion_with_differentinputcombinations" classname="com.gurukula.AutomationTestgurkula.LTC_02_UserRegistration_Test" time="2.965"/>
  <testcase name="PTC_RM_01_to_RM16_Verify_User_registarion_with_differentinputcombinations" classname="com.gurukula.AutomationTestgurkula.LTC_02_UserRegistration_Test" time="3.233"/>
  <testcase name="PTC_RM_01_to_RM16_Verify_User_registarion_with_differentinputcombinations" classname="com.gurukula.AutomationTestgurkula.LTC_02_UserRegistration_Test" time="2.902"/>
  <testcase name="PTC_RM_01_to_RM16_Verify_User_registarion_with_differentinputcombinations" classname="com.gurukula.AutomationTestgurkula.LTC_02_UserRegistration_Test" time="3.331"/>
  <testcase name="PTC_RM_01_to_RM16_Verify_User_registarion_with_differentinputcombinations" classname="com.gurukula.AutomationTestgurkula.LTC_02_UserRegistration_Test" time="5.974"/>
  <testcase name="PTC_RM_01_to_RM16_Verify_User_registarion_with_differentinputcombinations" classname="com.gurukula.AutomationTestgurkula.LTC_02_UserRegistration_Test" time="4.377"/>
  <testcase name="PTC_RM_01_to_RM16_Verify_User_registarion_with_differentinputcombinations" classname="com.gurukula.AutomationTestgurkula.LTC_02_UserRegistration_Test" time="4.067"/>
  <testcase name="PTC_RM_01_to_RM16_Verify_User_registarion_with_differentinputcombinations" classname="com.gurukula.AutomationTestgurkula.LTC_02_UserRegistration_Test" time="3.843"/>
  <testcase name="PTC_RM_01_to_RM16_Verify_User_registarion_with_differentinputcombinations" classname="com.gurukula.AutomationTestgurkula.LTC_02_UserRegistration_Test" time="4.054"/>
  <testcase name="PTC_RM_01_to_RM16_Verify_User_registarion_with_differentinputcombinations" classname="com.gurukula.AutomationTestgurkula.LTC_02_UserRegistration_Test" time="3.519"/>
  <testcase name="PTC_RM_01_to_RM16_Verify_User_registarion_with_differentinputcombinations" classname="com.gurukula.AutomationTestgurkula.LTC_02_UserRegistration_Test" time="3.056"/>
  <testcase name="PTC_RM_01_to_RM16_Verify_User_registarion_with_differentinputcombinations" classname="com.gurukula.AutomationTestgurkula.LTC_02_UserRegistration_Test" time="3.025"/>
  <testcase name="PTC_RM_01_to_RM16_Verify_User_registarion_with_differentinputcombinations" classname="com.gurukula.AutomationTestgurkula.LTC_02_UserRegistration_Test" time="3.854"/>
  <testcase name="PTC_RM_01_to_RM16_Verify_User_registarion_with_differentinputcombinations" classname="com.gurukula.AutomationTestgurkula.LTC_02_UserRegistration_Test" time="2.784"/>
  <testcase name="PTC_RM_01_to_RM16_Verify_User_registarion_with_differentinputcombinations" classname="com.gurukula.AutomationTestgurkula.LTC_02_UserRegistration_Test" time="3.501"/>
  <testcase name="PTC_AC01_to_AC07_Verify_User_settings_with_differentinputcombinations" classname="com.gurukula.AutomationTestgurkula.LTC_03_AcccountManagement_Test" time="1.365">
    <failure message="expected [Settings saved!] but found []" type="java.lang.AssertionError">java.lang.AssertionError: expected [Settings saved!] but found []
	at org.testng.Assert.fail(Assert.java:94)
	at org.testng.Assert.failNotEquals(Assert.java:494)
	at org.testng.Assert.assertEquals(Assert.java:123)
	at org.testng.Assert.assertEquals(Assert.java:176)
	at org.testng.Assert.assertEquals(Assert.java:186)
	at com.gurukula.AutomationTestgurkula.LTC_03_AcccountManagement_Test.PTC_AC01_to_AC07_Verify_User_settings_with_differentinputcombinations(LTC_03_AcccountManagement_Test.java:61)
</failure>
    <system-out>Closing the webdriver
chrome
Executing PTC_AC01_to_AC07_Verify_User_settings_with_differentinputcombinations 
</system-out>
    <system-err>Starting ChromeDriver 2.42.591088 (7b2b2dca23cca0862f674758c9a3933e685c27d5) on port 5677
Only local connections are allowed.
May 09, 2019 12:22:26 AM org.openqa.selenium.remote.ProtocolHandshake createSession
INFO: Detected dialect: OSS
</system-err>
  </testcase>
  <testcase name="PTC_AC01_to_AC07_Verify_User_settings_with_differentinputcombinations" classname="com.gurukula.AutomationTestgurkula.LTC_03_AcccountManagement_Test" time="1.733"/>
  <testcase name="PTC_AC01_to_AC07_Verify_User_settings_with_differentinputcombinations" classname="com.gurukula.AutomationTestgurkula.LTC_03_AcccountManagement_Test" time="1.723"/>
  <testcase name="PTC_AC01_to_AC07_Verify_User_settings_with_differentinputcombinations" classname="com.gurukula.AutomationTestgurkula.LTC_03_AcccountManagement_Test" time="1.895">
    <failure message="expected [Your first name is required.] but found []" type="java.lang.AssertionError">java.lang.AssertionError: expected [Your first name is required.] but found []
	at org.testng.Assert.fail(Assert.java:94)
	at org.testng.Assert.failNotEquals(Assert.java:494)
	at org.testng.Assert.assertEquals(Assert.java:123)
	at org.testng.Assert.assertEquals(Assert.java:176)
	at org.testng.Assert.assertEquals(Assert.java:186)
	at com.gurukula.AutomationTestgurkula.LTC_03_AcccountManagement_Test.PTC_AC01_to_AC07_Verify_User_settings_with_differentinputcombinations(LTC_03_AcccountManagement_Test.java:67)
</failure>
    <system-out>Closing the webdriver
chrome
Executing PTC_AC01_to_AC07_Verify_User_settings_with_differentinputcombinations 
Executing screen help error message validation
help-block ng-scope ng-hide
false

help-block ng-scope ng-hide
false

help-block ng-scope ng-hide
false

help-block ng-scope ng-hide
false

help-block ng-scope ng-hide
false

help-block ng-scope ng-hide
false

help-block ng-scope ng-hide
false

help-block ng-scope ng-hide
false

help-block ng-scope ng-hide
false

help-block ng-scope ng-hide
false

Total help error string: 
</system-out>
    <system-err>Starting ChromeDriver 2.42.591088 (7b2b2dca23cca0862f674758c9a3933e685c27d5) on port 40626
Only local connections are allowed.
May 09, 2019 12:22:58 AM org.openqa.selenium.remote.ProtocolHandshake createSession
INFO: Detected dialect: OSS
</system-err>
  </testcase>
  <testcase name="PTC_AC01_to_AC07_Verify_User_settings_with_differentinputcombinations" classname="com.gurukula.AutomationTestgurkula.LTC_03_AcccountManagement_Test" time="1.74">
    <failure message="expected [Your last name is required.] but found [Your first name is required.]" type="java.lang.AssertionError">java.lang.AssertionError: expected [Your last name is required.] but found [Your first name is required.]
	at org.testng.Assert.fail(Assert.java:94)
	at org.testng.Assert.failNotEquals(Assert.java:494)
	at org.testng.Assert.assertEquals(Assert.java:123)
	at org.testng.Assert.assertEquals(Assert.java:176)
	at org.testng.Assert.assertEquals(Assert.java:186)
	at com.gurukula.AutomationTestgurkula.LTC_03_AcccountManagement_Test.PTC_AC01_to_AC07_Verify_User_settings_with_differentinputcombinations(LTC_03_AcccountManagement_Test.java:67)
</failure>
    <system-out>Closing the webdriver
chrome
Executing PTC_AC01_to_AC07_Verify_User_settings_with_differentinputcombinations 
Executing screen help error message validation
help-block ng-scope
true
Your first name is required.
help-block ng-scope ng-hide
false

help-block ng-scope ng-hide
false

help-block ng-scope ng-hide
false

help-block ng-scope ng-hide
false

help-block ng-scope ng-hide
false

help-block ng-scope ng-hide
false

help-block ng-scope ng-hide
false

help-block ng-scope ng-hide
false

help-block ng-scope ng-hide
false

Total help error string: Your first name is required.
</system-out>
    <system-err>Starting ChromeDriver 2.42.591088 (7b2b2dca23cca0862f674758c9a3933e685c27d5) on port 4809
Only local connections are allowed.
May 09, 2019 12:23:08 AM org.openqa.selenium.remote.ProtocolHandshake createSession
INFO: Detected dialect: OSS
</system-err>
  </testcase>
  <testcase name="PTC_AC01_to_AC07_Verify_User_settings_with_differentinputcombinations" classname="com.gurukula.AutomationTestgurkula.LTC_03_AcccountManagement_Test" time="1.794"/>
  <testcase name="PTC_AC08_to_AC15_Verify_User_settings_with_differentinputcombinations" classname="com.gurukula.AutomationTestgurkula.LTC_03_AcccountManagement_Test" time="0.918">
    <failure message="expected [Password changed!] but found []" type="java.lang.AssertionError">java.lang.AssertionError: expected [Password changed!] but found []
	at org.testng.Assert.fail(Assert.java:94)
	at org.testng.Assert.failNotEquals(Assert.java:494)
	at org.testng.Assert.assertEquals(Assert.java:123)
	at org.testng.Assert.assertEquals(Assert.java:176)
	at org.testng.Assert.assertEquals(Assert.java:186)
	at com.gurukula.AutomationTestgurkula.LTC_03_AcccountManagement_Test.PTC_AC08_to_AC15_Verify_User_settings_with_differentinputcombinations(LTC_03_AcccountManagement_Test.java:89)
</failure>
    <system-out>Closing the webdriver
chrome
Executing PTC_AC08_to_AC15_Verify_User_settings_with_differentinputcombinations 
</system-out>
    <system-err>Starting ChromeDriver 2.42.591088 (7b2b2dca23cca0862f674758c9a3933e685c27d5) on port 2125
Only local connections are allowed.
May 09, 2019 12:23:29 AM org.openqa.selenium.remote.ProtocolHandshake createSession
INFO: Detected dialect: OSS
</system-err>
  </testcase>
  <testcase name="PTC_AC08_to_AC15_Verify_User_settings_with_differentinputcombinations" classname="com.gurukula.AutomationTestgurkula.LTC_03_AcccountManagement_Test" time="1.379"/>
  <testcase name="PTC_AC08_to_AC15_Verify_User_settings_with_differentinputcombinations" classname="com.gurukula.AutomationTestgurkula.LTC_03_AcccountManagement_Test" time="1.416"/>
  <testcase name="PTC_AC08_to_AC15_Verify_User_settings_with_differentinputcombinations" classname="com.gurukula.AutomationTestgurkula.LTC_03_AcccountManagement_Test" time="1.136"/>
  <testcase name="PTC_AC08_to_AC15_Verify_User_settings_with_differentinputcombinations" classname="com.gurukula.AutomationTestgurkula.LTC_03_AcccountManagement_Test" time="4.552"/>
  <testcase name="PTC_AC08_to_AC15_Verify_User_settings_with_differentinputcombinations" classname="com.gurukula.AutomationTestgurkula.LTC_03_AcccountManagement_Test" time="1.153"/>
  <testcase name="PTC_AC08_to_AC15_Verify_User_settings_with_differentinputcombinations" classname="com.gurukula.AutomationTestgurkula.LTC_03_AcccountManagement_Test" time="1.114"/>
  <testcase name="PTC_AC08_to_AC15_Verify_User_settings_with_differentinputcombinations" classname="com.gurukula.AutomationTestgurkula.LTC_03_AcccountManagement_Test" time="0.93"/>
  <testcase name="PTC_AC16_InvalidateSession" classname="com.gurukula.AutomationTestgurkula.LTC_03_AcccountManagement_Test" time="0.796"/>
  <testcase name="PTC_BM_001_Verify_BranchCreation" classname="com.gurukula.AutomationTestgurkula.LTC_04_BranchesManagement_Test" time="7.284"/>
  <testcase name="PTC_BM_001_Verify_BranchCreation2" classname="com.gurukula.AutomationTestgurkula.LTC_04_BranchesManagement_Test" time="8.26"/>
  <testcase name="PTC_BM_002_Verify_Branch_view_functionality" classname="com.gurukula.AutomationTestgurkula.LTC_04_BranchesManagement_Test" time="0.464"/>
  <testcase name="PTC_BM_003_Verify_BranchEditing" classname="com.gurukula.AutomationTestgurkula.LTC_04_BranchesManagement_Test" time="7.006"/>
  <testcase name="PTC_BM_004_Verify_delete_functionality" classname="com.gurukula.AutomationTestgurkula.LTC_04_BranchesManagement_Test" time="2.152"/>
  <testcase name="PTC_BM_007_to_BM_013_Verify_Createbranch_functionality_withvariousinputs" classname="com.gurukula.AutomationTestgurkula.LTC_04_BranchesManagement_Test" time="6.009"/>
  <testcase name="PTC_BM_007_to_BM_013_Verify_Createbranch_functionality_withvariousinputs" classname="com.gurukula.AutomationTestgurkula.LTC_04_BranchesManagement_Test" time="6.271"/>
  <testcase name="PTC_BM_007_to_BM_013_Verify_Createbranch_functionality_withvariousinputs" classname="com.gurukula.AutomationTestgurkula.LTC_04_BranchesManagement_Test" time="6.158"/>
  <testcase name="PTC_BM_007_to_BM_013_Verify_Createbranch_functionality_withvariousinputs" classname="com.gurukula.AutomationTestgurkula.LTC_04_BranchesManagement_Test" time="5.994"/>
  <testcase name="PTC_BM_007_to_BM_013_Verify_Createbranch_functionality_withvariousinputs" classname="com.gurukula.AutomationTestgurkula.LTC_04_BranchesManagement_Test" time="5.965"/>
  <testcase name="PTC_BM_007_to_BM_013_Verify_Createbranch_functionality_withvariousinputs" classname="com.gurukula.AutomationTestgurkula.LTC_04_BranchesManagement_Test" time="6.04"/>
  <testcase name="PTC_BM_007_to_BM_013_Verify_Createbranch_functionality_withvariousinputs" classname="com.gurukula.AutomationTestgurkula.LTC_04_BranchesManagement_Test" time="5.892">
    <failure message="expected [This field should follow pattern ^[a-zA-Z\s]*$.] but found [This field is required to be at least 5 characters.This field should follow pattern ^[a-zA-Z\s]*$.]" type="java.lang.AssertionError">java.lang.AssertionError: expected [This field should follow pattern ^[a-zA-Z\s]*$.] but found [This field is required to be at least 5 characters.This field should follow pattern ^[a-zA-Z\s]*$.]
	at org.testng.Assert.fail(Assert.java:94)
	at org.testng.Assert.failNotEquals(Assert.java:494)
	at org.testng.Assert.assertEquals(Assert.java:123)
	at org.testng.Assert.assertEquals(Assert.java:176)
	at org.testng.Assert.assertEquals(Assert.java:186)
	at com.gurukula.AutomationTestgurkula.LTC_04_BranchesManagement_Test.PTC_BM_007_to_BM_013_Verify_Createbranch_functionality_withvariousinputs(LTC_04_BranchesManagement_Test.java:81)
</failure>
    <system-out>Closing the webdriver
chrome
Able to click create branch button
help-block ng-scope ng-hide
false

help-block ng-scope
true
This field is required to be at least 5 characters.
help-block ng-scope ng-hide
false

help-block ng-scope
true
This field should follow pattern ^[a-zA-Z\s]*$.
help-block ng-scope ng-hide
false

help-block ng-scope ng-hide
false

help-block ng-scope ng-hide
false

help-block ng-scope ng-hide
false

Total help error string: This field is required to be at least 5 characters.This field should follow pattern ^[a-zA-Z\s]*$.
</system-out>
    <system-err>Starting ChromeDriver 2.42.591088 (7b2b2dca23cca0862f674758c9a3933e685c27d5) on port 12614
Only local connections are allowed.
May 09, 2019 12:28:39 AM org.openqa.selenium.remote.ProtocolHandshake createSession
INFO: Detected dialect: OSS
</system-err>
  </testcase>
  <testcase name="PTC_SM_001_Verify_StaffCreation" classname="com.gurukula.AutomationTestgurkula.LTC_05_StaffManagement_Test" time="6.708"/>
  <testcase name="PTC_SM_001_Verify_StaffCreation" classname="com.gurukula.AutomationTestgurkula.LTC_05_StaffManagement_Test" time="6.652"/>
  <testcase name="PTC_SM_001_Verify_StaffCreation" classname="com.gurukula.AutomationTestgurkula.LTC_05_StaffManagement_Test" time="7.123"/>
  <testcase name="PTC_SM_002_Verify_Branch_view_functionality" classname="com.gurukula.AutomationTestgurkula.LTC_05_StaffManagement_Test" time="0.383"/>
  <testcase name="PTC_SM_003_Verify_BranchEditing" classname="com.gurukula.AutomationTestgurkula.LTC_05_StaffManagement_Test" time="6.604"/>
  <testcase name="PTC_SM_004_Verify_delete_functionality" classname="com.gurukula.AutomationTestgurkula.LTC_05_StaffManagement_Test" time="2.042"/>
  <testcase name="PTC_SM_007_to_SM_009_Verify_Createbranch_functionality_withvariousinputs" classname="com.gurukula.AutomationTestgurkula.LTC_05_StaffManagement_Test" time="6.515"/>
  <testcase name="PTC_SM_007_to_SM_009_Verify_Createbranch_functionality_withvariousinputs" classname="com.gurukula.AutomationTestgurkula.LTC_05_StaffManagement_Test" time="5.821"/>
  <testcase name="PTC_SM_007_to_SM_009_Verify_Createbranch_functionality_withvariousinputs" classname="com.gurukula.AutomationTestgurkula.LTC_05_StaffManagement_Test" time="5.816"/>
</testsuite>