<?xml version="1.0" encoding="UTF-8"?>
<!-- Generated by org.testng.reporters.JUnitReportReporter -->
<testsuite hostname="DESKTOP-PUPFFT7" name="com.gurukula.AutomationTestgurkula.LTC_05_StaffManagement" tests="3" failures="0" timestamp="8 May 2019 01:56:42 GMT" time="58.688" errors="0">
  <testcase name="PTC_SM_007_to_SM_009_Verify_Createbranch_functionality_withvariousinputs" time="20.080" classname="com.gurukula.AutomationTestgurkula.LTC_05_StaffManagement"/>
  <testcase name="PTC_SM_007_to_SM_009_Verify_Createbranch_functionality_withvariousinputs" time="19.160" classname="com.gurukula.AutomationTestgurkula.LTC_05_StaffManagement"/>
  <testcase name="PTC_SM_007_to_SM_009_Verify_Createbranch_functionality_withvariousinputs" time="19.448" classname="com.gurukula.AutomationTestgurkula.LTC_05_StaffManagement"/>
</testsuite> <!-- com.gurukula.AutomationTestgurkula.LTC_05_StaffManagement -->
