<?xml version="1.0" encoding="UTF-8"?>
<!-- Generated by org.testng.reporters.JUnitReportReporter -->
<testsuite hostname="DESKTOP-PUPFFT7" name="com.gurukula.AutomationTestgurkula.LTC_02_UserRegistration_Test" tests="16" failures="0" timestamp="8 May 2019 22:31:37 GMT" time="222.936" errors="0">
  <testcase name="PTC_RM_01_to_RM16_Verify_User_registarion_with_differentinputcombinations" time="12.652" classname="com.gurukula.AutomationTestgurkula.LTC_02_UserRegistration_Test"/>
  <testcase name="PTC_RM_01_to_RM16_Verify_User_registarion_with_differentinputcombinations" time="14.225" classname="com.gurukula.AutomationTestgurkula.LTC_02_UserRegistration_Test"/>
  <testcase name="PTC_RM_01_to_RM16_Verify_User_registarion_with_differentinputcombinations" time="10.956" classname="com.gurukula.AutomationTestgurkula.LTC_02_UserRegistration_Test"/>
  <testcase name="PTC_RM_01_to_RM16_Verify_User_registarion_with_differentinputcombinations" time="12.299" classname="com.gurukula.AutomationTestgurkula.LTC_02_UserRegistration_Test"/>
  <testcase name="PTC_RM_01_to_RM16_Verify_User_registarion_with_differentinputcombinations" time="16.067" classname="com.gurukula.AutomationTestgurkula.LTC_02_UserRegistration_Test"/>
  <testcase name="PTC_RM_01_to_RM16_Verify_User_registarion_with_differentinputcombinations" time="16.485" classname="com.gurukula.AutomationTestgurkula.LTC_02_UserRegistration_Test"/>
  <testcase name="PTC_RM_01_to_RM16_Verify_User_registarion_with_differentinputcombinations" time="20.955" classname="com.gurukula.AutomationTestgurkula.LTC_02_UserRegistration_Test"/>
  <testcase name="PTC_RM_01_to_RM16_Verify_User_registarion_with_differentinputcombinations" time="15.767" classname="com.gurukula.AutomationTestgurkula.LTC_02_UserRegistration_Test"/>
  <testcase name="PTC_RM_01_to_RM16_Verify_User_registarion_with_differentinputcombinations" time="12.526" classname="com.gurukula.AutomationTestgurkula.LTC_02_UserRegistration_Test"/>
  <testcase name="PTC_RM_01_to_RM16_Verify_User_registarion_with_differentinputcombinations" time="14.053" classname="com.gurukula.AutomationTestgurkula.LTC_02_UserRegistration_Test"/>
  <testcase name="PTC_RM_01_to_RM16_Verify_User_registarion_with_differentinputcombinations" time="11.679" classname="com.gurukula.AutomationTestgurkula.LTC_02_UserRegistration_Test"/>
  <testcase name="PTC_RM_01_to_RM16_Verify_User_registarion_with_differentinputcombinations" time="12.906" classname="com.gurukula.AutomationTestgurkula.LTC_02_UserRegistration_Test"/>
  <testcase name="PTC_RM_01_to_RM16_Verify_User_registarion_with_differentinputcombinations" time="11.382" classname="com.gurukula.AutomationTestgurkula.LTC_02_UserRegistration_Test"/>
  <testcase name="PTC_RM_01_to_RM16_Verify_User_registarion_with_differentinputcombinations" time="15.711" classname="com.gurukula.AutomationTestgurkula.LTC_02_UserRegistration_Test"/>
  <testcase name="PTC_RM_01_to_RM16_Verify_User_registarion_with_differentinputcombinations" time="12.248" classname="com.gurukula.AutomationTestgurkula.LTC_02_UserRegistration_Test"/>
  <testcase name="PTC_RM_01_to_RM16_Verify_User_registarion_with_differentinputcombinations" time="13.025" classname="com.gurukula.AutomationTestgurkula.LTC_02_UserRegistration_Test"/>
</testsuite> <!-- com.gurukula.AutomationTestgurkula.LTC_02_UserRegistration_Test -->
