<?xml version="1.0" encoding="UTF-8"?>
<!-- Generated by org.testng.reporters.JUnitReportReporter -->
<testsuite hostname="DESKTOP-PUPFFT7" name="com.gurukula.AutomationTestgurkula.LTC_05_StaffManagement_Test" tests="9" failures="0" timestamp="8 May 2019 22:31:37 GMT" time="161.981" errors="0">
  <testcase name="PTC_SM_007_to_SM_009_Verify_Createbranch_functionality_withvariousinputs" time="19.367" classname="com.gurukula.AutomationTestgurkula.LTC_05_StaffManagement_Test"/>
  <testcase name="PTC_SM_007_to_SM_009_Verify_Createbranch_functionality_withvariousinputs" time="19.003" classname="com.gurukula.AutomationTestgurkula.LTC_05_StaffManagement_Test"/>
  <testcase name="PTC_SM_002_Verify_Branch_view_functionality" time="13.573" classname="com.gurukula.AutomationTestgurkula.LTC_05_StaffManagement_Test"/>
  <testcase name="PTC_SM_003_Verify_BranchEditing" time="19.091" classname="com.gurukula.AutomationTestgurkula.LTC_05_StaffManagement_Test"/>
  <testcase name="PTC_SM_001_Verify_StaffCreation" time="19.224" classname="com.gurukula.AutomationTestgurkula.LTC_05_StaffManagement_Test"/>
  <testcase name="PTC_SM_001_Verify_StaffCreation" time="19.037" classname="com.gurukula.AutomationTestgurkula.LTC_05_StaffManagement_Test"/>
  <testcase name="PTC_SM_001_Verify_StaffCreation" time="19.275" classname="com.gurukula.AutomationTestgurkula.LTC_05_StaffManagement_Test"/>
  <testcase name="PTC_SM_007_to_SM_009_Verify_Createbranch_functionality_withvariousinputs" time="18.157" classname="com.gurukula.AutomationTestgurkula.LTC_05_StaffManagement_Test"/>
  <testcase name="PTC_SM_004_Verify_delete_functionality" time="15.254" classname="com.gurukula.AutomationTestgurkula.LTC_05_StaffManagement_Test"/>
</testsuite> <!-- com.gurukula.AutomationTestgurkula.LTC_05_StaffManagement_Test -->
